{"/Users/jpowell/Desktop/in-memory-db/e2e/test-app/src/app.controller.ts": {"path":"/Users/jpowell/Desktop/in-memory-db/e2e/test-app/src/app.controller.ts","statementMap":{"0":{"start":{"line":1,"column":0},"end":{"line":1,"column":null}},"1":{"start":{"line":10,"column":0},"end":{"line":10,"column":49}},"2":{"start":{"line":12,"column":0},"end":{"line":12,"column":34}},"3":{"start":{"line":15,"column":0},"end":{"line":123,"column":null}},"4":{"start":{"line":16,"column":31},"end":{"line":16,"column":50}},"5":{"start":{"line":20,"column":4},"end":{"line":20,"column":42}},"6":{"start":{"line":25,"column":4},"end":{"line":25,"column":47}},"7":{"start":{"line":30,"column":4},"end":{"line":30,"column":43}},"8":{"start":{"line":35,"column":4},"end":{"line":35,"column":48}},"9":{"start":{"line":40,"column":4},"end":{"line":40,"column":78}},"10":{"start":{"line":40,"column":48},"end":{"line":40,"column":76}},"11":{"start":{"line":47,"column":4},"end":{"line":49,"column":6}},"12":{"start":{"line":48,"column":14},"end":{"line":48,"column":42}},"13":{"start":{"line":54,"column":4},"end":{"line":54,"column":76}},"14":{"start":{"line":54,"column":48},"end":{"line":54,"column":74}},"15":{"start":{"line":59,"column":4},"end":{"line":61,"column":6}},"16":{"start":{"line":60,"column":14},"end":{"line":60,"column":40}},"17":{"start":{"line":66,"column":4},"end":{"line":66,"column":47}},"18":{"start":{"line":71,"column":4},"end":{"line":71,"column":52}},"19":{"start":{"line":76,"column":4},"end":{"line":76,"column":52}},"20":{"start":{"line":81,"column":4},"end":{"line":81,"column":57}},"21":{"start":{"line":86,"column":4},"end":{"line":86,"column":47}},"22":{"start":{"line":91,"column":4},"end":{"line":91,"column":52}},"23":{"start":{"line":96,"column":4},"end":{"line":96,"column":52}},"24":{"start":{"line":101,"column":4},"end":{"line":101,"column":57}},"25":{"start":{"line":106,"column":4},"end":{"line":106,"column":45}},"26":{"start":{"line":111,"column":4},"end":{"line":111,"column":50}},"27":{"start":{"line":116,"column":4},"end":{"line":116,"column":50}},"28":{"start":{"line":121,"column":4},"end":{"line":121,"column":55}},"29":{"start":{"line":19,"column":2},"end":{"line":21,"column":null}},"30":{"start":{"line":24,"column":2},"end":{"line":26,"column":null}},"31":{"start":{"line":29,"column":2},"end":{"line":31,"column":null}},"32":{"start":{"line":34,"column":2},"end":{"line":36,"column":null}},"33":{"start":{"line":39,"column":2},"end":{"line":41,"column":null}},"34":{"start":{"line":44,"column":2},"end":{"line":50,"column":null}},"35":{"start":{"line":53,"column":2},"end":{"line":55,"column":null}},"36":{"start":{"line":58,"column":2},"end":{"line":62,"column":null}},"37":{"start":{"line":65,"column":2},"end":{"line":67,"column":null}},"38":{"start":{"line":70,"column":2},"end":{"line":72,"column":null}},"39":{"start":{"line":75,"column":2},"end":{"line":77,"column":null}},"40":{"start":{"line":80,"column":2},"end":{"line":82,"column":null}},"41":{"start":{"line":85,"column":2},"end":{"line":87,"column":null}},"42":{"start":{"line":90,"column":2},"end":{"line":92,"column":null}},"43":{"start":{"line":95,"column":2},"end":{"line":97,"column":null}},"44":{"start":{"line":100,"column":2},"end":{"line":102,"column":null}},"45":{"start":{"line":105,"column":2},"end":{"line":107,"column":null}},"46":{"start":{"line":110,"column":2},"end":{"line":112,"column":null}},"47":{"start":{"line":115,"column":2},"end":{"line":117,"column":null}},"48":{"start":{"line":120,"column":2},"end":{"line":122,"column":null}},"49":{"start":{"line":15,"column":13},"end":{"line":123,"column":null}},"50":{"start":{"line":15,"column":13},"end":{"line":15,"column":26}}},"fnMap":{"0":{"name":"(anonymous_4)","decl":{"start":{"line":16,"column":2},"end":{"line":16,"column":31}},"loc":{"start":{"line":16,"column":73},"end":{"line":16,"column":77}}},"1":{"name":"(anonymous_5)","decl":{"start":{"line":19,"column":2},"end":{"line":19,"column":9}},"loc":{"start":{"line":19,"column":33},"end":{"line":21,"column":3}}},"2":{"name":"(anonymous_6)","decl":{"start":{"line":24,"column":2},"end":{"line":24,"column":14}},"loc":{"start":{"line":24,"column":38},"end":{"line":26,"column":3}}},"3":{"name":"(anonymous_7)","decl":{"start":{"line":29,"column":2},"end":{"line":29,"column":10}},"loc":{"start":{"line":29,"column":10},"end":{"line":31,"column":3}}},"4":{"name":"(anonymous_8)","decl":{"start":{"line":34,"column":2},"end":{"line":34,"column":15}},"loc":{"start":{"line":34,"column":15},"end":{"line":36,"column":3}}},"5":{"name":"(anonymous_9)","decl":{"start":{"line":39,"column":2},"end":{"line":39,"column":16}},"loc":{"start":{"line":39,"column":54},"end":{"line":41,"column":3}}},"6":{"name":"(anonymous_10)","decl":{"start":{"line":40,"column":40},"end":{"line":40,"column":44}},"loc":{"start":{"line":40,"column":48},"end":{"line":40,"column":76}}},"7":{"name":"(anonymous_11)","decl":{"start":{"line":44,"column":2},"end":{"line":44,"column":21}},"loc":{"start":{"line":45,"column":41},"end":{"line":50,"column":3}}},"8":{"name":"(anonymous_12)","decl":{"start":{"line":48,"column":6},"end":{"line":48,"column":10}},"loc":{"start":{"line":48,"column":14},"end":{"line":48,"column":42}}},"9":{"name":"(anonymous_13)","decl":{"start":{"line":53,"column":2},"end":{"line":53,"column":15}},"loc":{"start":{"line":53,"column":51},"end":{"line":55,"column":3}}},"10":{"name":"(anonymous_14)","decl":{"start":{"line":54,"column":40},"end":{"line":54,"column":44}},"loc":{"start":{"line":54,"column":48},"end":{"line":54,"column":74}}},"11":{"name":"(anonymous_15)","decl":{"start":{"line":58,"column":2},"end":{"line":58,"column":20}},"loc":{"start":{"line":58,"column":56},"end":{"line":62,"column":3}}},"12":{"name":"(anonymous_16)","decl":{"start":{"line":60,"column":6},"end":{"line":60,"column":10}},"loc":{"start":{"line":60,"column":14},"end":{"line":60,"column":40}}},"13":{"name":"(anonymous_17)","decl":{"start":{"line":65,"column":2},"end":{"line":65,"column":12}},"loc":{"start":{"line":65,"column":31},"end":{"line":67,"column":3}}},"14":{"name":"(anonymous_18)","decl":{"start":{"line":70,"column":2},"end":{"line":70,"column":17}},"loc":{"start":{"line":70,"column":36},"end":{"line":72,"column":3}}},"15":{"name":"(anonymous_19)","decl":{"start":{"line":75,"column":2},"end":{"line":75,"column":13}},"loc":{"start":{"line":75,"column":35},"end":{"line":77,"column":3}}},"16":{"name":"(anonymous_20)","decl":{"start":{"line":80,"column":2},"end":{"line":80,"column":18}},"loc":{"start":{"line":80,"column":40},"end":{"line":82,"column":3}}},"17":{"name":"(anonymous_21)","decl":{"start":{"line":85,"column":2},"end":{"line":85,"column":12}},"loc":{"start":{"line":85,"column":31},"end":{"line":87,"column":3}}},"18":{"name":"(anonymous_22)","decl":{"start":{"line":90,"column":2},"end":{"line":90,"column":17}},"loc":{"start":{"line":90,"column":36},"end":{"line":92,"column":3}}},"19":{"name":"(anonymous_23)","decl":{"start":{"line":95,"column":2},"end":{"line":95,"column":13}},"loc":{"start":{"line":95,"column":35},"end":{"line":97,"column":3}}},"20":{"name":"(anonymous_24)","decl":{"start":{"line":100,"column":2},"end":{"line":100,"column":18}},"loc":{"start":{"line":100,"column":40},"end":{"line":102,"column":3}}},"21":{"name":"(anonymous_25)","decl":{"start":{"line":105,"column":2},"end":{"line":105,"column":12}},"loc":{"start":{"line":105,"column":36},"end":{"line":107,"column":3}}},"22":{"name":"(anonymous_26)","decl":{"start":{"line":110,"column":2},"end":{"line":110,"column":17}},"loc":{"start":{"line":110,"column":41},"end":{"line":112,"column":3}}},"23":{"name":"(anonymous_27)","decl":{"start":{"line":115,"column":2},"end":{"line":115,"column":13}},"loc":{"start":{"line":115,"column":35},"end":{"line":117,"column":3}}},"24":{"name":"(anonymous_28)","decl":{"start":{"line":120,"column":2},"end":{"line":120,"column":18}},"loc":{"start":{"line":120,"column":40},"end":{"line":122,"column":3}}}},"branchMap":{},"s":{"0":1,"1":1,"2":1,"3":1,"4":21,"5":0,"6":0,"7":0,"8":0,"9":0,"10":0,"11":0,"12":0,"13":0,"14":0,"15":0,"16":0,"17":0,"18":0,"19":0,"20":0,"21":0,"22":0,"23":0,"24":0,"25":0,"26":0,"27":0,"28":0,"29":1,"30":1,"31":1,"32":1,"33":1,"34":1,"35":1,"36":1,"37":1,"38":1,"39":1,"40":1,"41":1,"42":1,"43":1,"44":1,"45":1,"46":1,"47":1,"48":1,"49":1,"50":1},"f":{"0":21,"1":0,"2":0,"3":0,"4":0,"5":0,"6":0,"7":0,"8":0,"9":0,"10":0,"11":0,"12":0,"13":0,"14":0,"15":0,"16":0,"17":0,"18":0,"19":0,"20":0,"21":0,"22":0,"23":0,"24":0},"b":{}}
,"/Users/jpowell/Desktop/in-memory-db/e2e/test-app/src/app.module.ts": {"path":"/Users/jpowell/Desktop/in-memory-db/e2e/test-app/src/app.module.ts","statementMap":{"0":{"start":{"line":1,"column":0},"end":{"line":1,"column":40}},"1":{"start":{"line":2,"column":0},"end":{"line":2,"column":48}},"2":{"start":{"line":3,"column":0},"end":{"line":3,"column":35}},"3":{"start":{"line":10,"column":0},"end":{"line":10,"column":null}},"4":{"start":{"line":10,"column":13},"end":{"line":10,"column":null}},"5":{"start":{"line":10,"column":13},"end":{"line":10,"column":22}}},"fnMap":{},"branchMap":{},"s":{"0":1,"1":1,"2":1,"3":1,"4":1,"5":1},"f":{},"b":{}}
,"/Users/jpowell/Desktop/in-memory-db/e2e/test-app/src/index.ts": {"path":"/Users/jpowell/Desktop/in-memory-db/e2e/test-app/src/index.ts","statementMap":{"0":{"start":{"line":1,"column":0},"end":{"line":1,"column":33}},"1":{"start":{"line":3,"column":0},"end":{"line":3,"column":29}}},"fnMap":{},"branchMap":{},"s":{"0":1,"1":1},"f":{},"b":{}}
}
