TN:
SF:/Users/jpowell/Desktop/in-memory-db/e2e/test-app/src/app.controller.ts
FN:16,(anonymous_4)
FN:19,(anonymous_5)
FN:24,(anonymous_6)
FN:29,(anonymous_7)
FN:34,(anonymous_8)
FN:39,(anonymous_9)
FN:40,(anonymous_10)
FN:44,(anonymous_11)
FN:48,(anonymous_12)
FN:53,(anonymous_13)
FN:54,(anonymous_14)
FN:58,(anonymous_15)
FN:60,(anonymous_16)
FN:65,(anonymous_17)
FN:70,(anonymous_18)
FN:75,(anonymous_19)
FN:80,(anonymous_20)
FN:85,(anonymous_21)
FN:90,(anonymous_22)
FN:95,(anonymous_23)
FN:100,(anonymous_24)
FN:105,(anonymous_25)
FN:110,(anonymous_26)
FN:115,(anonymous_27)
FN:120,(anonymous_28)
FNF:25
FNH:1
FNDA:21,(anonymous_4)
FNDA:0,(anonymous_5)
FNDA:0,(anonymous_6)
FNDA:0,(anonymous_7)
FNDA:0,(anonymous_8)
FNDA:0,(anonymous_9)
FNDA:0,(anonymous_10)
FNDA:0,(anonymous_11)
FNDA:0,(anonymous_12)
FNDA:0,(anonymous_13)
FNDA:0,(anonymous_14)
FNDA:0,(anonymous_15)
FNDA:0,(anonymous_16)
FNDA:0,(anonymous_17)
FNDA:0,(anonymous_18)
FNDA:0,(anonymous_19)
FNDA:0,(anonymous_20)
FNDA:0,(anonymous_21)
FNDA:0,(anonymous_22)
FNDA:0,(anonymous_23)
FNDA:0,(anonymous_24)
FNDA:0,(anonymous_25)
FNDA:0,(anonymous_26)
FNDA:0,(anonymous_27)
FNDA:0,(anonymous_28)
DA:1,1
DA:10,1
DA:12,1
DA:15,1
DA:16,21
DA:19,1
DA:20,0
DA:24,1
DA:25,0
DA:29,1
DA:30,0
DA:34,1
DA:35,0
DA:39,1
DA:40,0
DA:44,1
DA:47,0
DA:48,0
DA:53,1
DA:54,0
DA:58,1
DA:59,0
DA:60,0
DA:65,1
DA:66,0
DA:70,1
DA:71,0
DA:75,1
DA:76,0
DA:80,1
DA:81,0
DA:85,1
DA:86,0
DA:90,1
DA:91,0
DA:95,1
DA:96,0
DA:100,1
DA:101,0
DA:105,1
DA:106,0
DA:110,1
DA:111,0
DA:115,1
DA:116,0
DA:120,1
DA:121,0
LF:47
LH:25
BRF:0
BRH:0
end_of_record
TN:
SF:/Users/jpowell/Desktop/in-memory-db/e2e/test-app/src/app.module.ts
FNF:0
FNH:0
DA:1,1
DA:2,1
DA:3,1
DA:10,1
LF:4
LH:4
BRF:0
BRH:0
end_of_record
TN:
SF:/Users/jpowell/Desktop/in-memory-db/e2e/test-app/src/index.ts
FNF:0
FNH:0
DA:1,1
DA:3,1
LF:2
LH:2
BRF:0
BRH:0
end_of_record
